\BOOKMARK [0][-]{chapter*.1}{Contents}{}% 1
\BOOKMARK [0][-]{chapter*.2}{List of Tables}{}% 2
\BOOKMARK [0][-]{chapter*.3}{List of Figures}{}% 3
\BOOKMARK [0][-]{chapter.1}{Introduction}{}% 4
\BOOKMARK [1][-]{section.1.1}{Team Members}{chapter.1}% 5
\BOOKMARK [1][-]{section.1.2}{Problem Statement}{chapter.1}% 6
\BOOKMARK [2][-]{subsection.1.2.1}{Challenge}{section.1.2}% 7
\BOOKMARK [2][-]{subsection.1.2.2}{Data}{section.1.2}% 8
\BOOKMARK [0][-]{chapter.2}{Preprocessing}{}% 9
\BOOKMARK [0][-]{chapter.3}{Experiments}{}% 10
\BOOKMARK [1][-]{section.3.1}{LSTM}{chapter.3}% 11
\BOOKMARK [1][-]{section.3.2}{Neural Network}{chapter.3}% 12
\BOOKMARK [1][-]{section.3.3}{Lasso Regression}{chapter.3}% 13
\BOOKMARK [2][-]{subsection.3.3.1}{Background}{section.3.3}% 14
\BOOKMARK [2][-]{subsection.3.3.2}{Implementation}{section.3.3}% 15
\BOOKMARK [2][-]{subsection.3.3.3}{Preprocessing}{section.3.3}% 16
\BOOKMARK [2][-]{subsection.3.3.4}{Model Training \046 Testing}{section.3.3}% 17
\BOOKMARK [1][-]{section.3.4}{Ridge Regression}{chapter.3}% 18
\BOOKMARK [2][-]{subsection.3.4.1}{Background}{section.3.4}% 19
\BOOKMARK [2][-]{subsection.3.4.2}{Implementation}{section.3.4}% 20
\BOOKMARK [2][-]{subsection.3.4.3}{Preprocessing}{section.3.4}% 21
\BOOKMARK [2][-]{subsection.3.4.4}{Model Training \046 Testing}{section.3.4}% 22
\BOOKMARK [1][-]{section.3.5}{XGBoost}{chapter.3}% 23
\BOOKMARK [1][-]{section.3.6}{Random Forest Regressor}{chapter.3}% 24
\BOOKMARK [2][-]{subsection.3.6.1}{Background}{section.3.6}% 25
\BOOKMARK [2][-]{subsection.3.6.2}{Implementation}{section.3.6}% 26
\BOOKMARK [2][-]{subsection.3.6.3}{Preprocessing}{section.3.6}% 27
\BOOKMARK [2][-]{subsection.3.6.4}{Model Training \046 Testing}{section.3.6}% 28
\BOOKMARK [0][-]{chapter.4}{Results}{}% 29
\BOOKMARK [0][-]{chapter.5}{Conclusion}{}% 30
